# JRE version: OpenJDK Runtime Environment (8.0_242-b01) (build 1.8.0_242-release-1644-b01)
# Java VM: OpenJDK 64-Bit Server VM (25.242-b01 mixed mode windows-amd64 compressed oops)
Heap:
 PSYoungGen      total 656384K, used 234642K [0x00000000d5580000, 0x0000000100000000, 0x0000000100000000)
  eden space 613888K, 31% used [0x00000000d5580000,0x00000000e1127e10,0x00000000fad00000)
  from space 42496K, 99% used [0x00000000fad00000,0x00000000fd67cbb0,0x00000000fd680000)
  to   space 42496K, 0% used [0x00000000fd680000,0x00000000fd680000,0x0000000100000000)
 ParOldGen       total 186880K, used 159054K [0x0000000080000000, 0x000000008b680000, 0x00000000d5580000)
  object space 186880K, 85% used [0x0000000080000000,0x0000000089b53890,0x000000008b680000)
 Metaspace       used 115800K, capacity 122076K, committed 122648K, reserved 1155072K
  class space    used 15001K, capacity 16196K, committed 16432K, reserved 1048576K
GC Heap History (10 events):
Event: 39.006 GC heap before
{Heap before GC invocations=25 (full 4):
 PSYoungGen      total 647168K, used 617131K [0x00000000d5580000, 0x00000000ff500000, 0x0000000100000000)
  eden space 607744K, 100% used [0x00000000d5580000,0x00000000fa700000,0x00000000fa700000)
  from space 39424K, 23% used [0x00000000fce80000,0x00000000fd7aaca8,0x00000000ff500000)
  to   space 39936K, 0% used [0x00000000fa700000,0x00000000fa700000,0x00000000fce00000)
 ParOldGen       total 186880K, used 134405K [0x0000000080000000, 0x000000008b680000, 0x00000000d5580000)
  object space 186880K, 71% used [0x0000000080000000,0x0000000088341650,0x000000008b680000)
 Metaspace       used 88799K, capacity 93378K, committed 95256K, reserved 1130496K
  class space    used 11847K, capacity 12670K, committed 13360K, reserved 1048576K
Event: 39.034 GC heap after
Heap after GC invocations=25 (full 4):
 PSYoungGen      total 647680K, used 12452K [0x00000000d5580000, 0x00000000ffd80000, 0x0000000100000000)
  eden space 607744K, 0% used [0x00000000d5580000,0x00000000d5580000,0x00000000fa700000)
  from space 39936K, 31% used [0x00000000fa700000,0x00000000fb3291d0,0x00000000fce00000)
  to   space 38400K, 0% used [0x00000000fd800000,0x00000000fd800000,0x00000000ffd80000)
 ParOldGen       total 186880K, used 141677K [0x0000000080000000, 0x000000008b680000, 0x00000000d5580000)
  object space 186880K, 75% used [0x0000000080000000,0x0000000088a5b450,0x000000008b680000)
 Metaspace       used 88799K, capacity 93378K, committed 95256K, reserved 1130496K
  class space    used 11847K, capacity 12670K, committed 13360K, reserved 1048576K
}
Event: 41.500 GC heap before
{Heap before GC invocations=26 (full 4):
 PSYoungGen      total 647680K, used 620196K [0x00000000d5580000, 0x00000000ffd80000, 0x0000000100000000)
  eden space 607744K, 100% used [0x00000000d5580000,0x00000000fa700000,0x00000000fa700000)
  from space 39936K, 31% used [0x00000000fa700000,0x00000000fb3291d0,0x00000000fce00000)
  to   space 38400K, 0% used [0x00000000fd800000,0x00000000fd800000,0x00000000ffd80000)
 ParOldGen       total 186880K, used 141677K [0x0000000080000000, 0x000000008b680000, 0x00000000d5580000)
  object space 186880K, 75% used [0x0000000080000000,0x0000000088a5b450,0x000000008b680000)
 Metaspace       used 88936K, capacity 93522K, committed 95512K, reserved 1132544K
  class space    used 11854K, capacity 12710K, committed 13360K, reserved 1048576K
Event: 41.581 GC heap after
Heap after GC invocations=26 (full 4):
 PSYoungGen      total 657408K, used 23186K [0x00000000d5580000, 0x00000000fff80000, 0x0000000100000000)
  eden space 619008K, 0% used [0x00000000d5580000,0x00000000d5580000,0x00000000fb200000)
  from space 38400K, 60% used [0x00000000fd800000,0x00000000feea4ba8,0x00000000ffd80000)
  to   space 38912K, 0% used [0x00000000fb200000,0x00000000fb200000,0x00000000fd800000)
 ParOldGen       total 186880K, used 150560K [0x0000000080000000, 0x000000008b680000, 0x00000000d5580000)
  object space 186880K, 80% used [0x0000000080000000,0x00000000893080c0,0x000000008b680000)
 Metaspace       used 88936K, capacity 93522K, committed 95512K, reserved 1132544K
  class space    used 11854K, capacity 12710K, committed 13360K, reserved 1048576K
}
Event: 47.578 GC heap before
{Heap before GC invocations=27 (full 4):
 PSYoungGen      total 657408K, used 642194K [0x00000000d5580000, 0x00000000fff80000, 0x0000000100000000)
  eden space 619008K, 100% used [0x00000000d5580000,0x00000000fb200000,0x00000000fb200000)
  from space 38400K, 60% used [0x00000000fd800000,0x00000000feea4ba8,0x00000000ffd80000)
  to   space 38912K, 0% used [0x00000000fb200000,0x00000000fb200000,0x00000000fd800000)
 ParOldGen       total 186880K, used 150560K [0x0000000080000000, 0x000000008b680000, 0x00000000d5580000)
  object space 186880K, 80% used [0x0000000080000000,0x00000000893080c0,0x000000008b680000)
 Metaspace       used 91111K, capacity 95912K, committed 97560K, reserved 1132544K
  class space    used 12049K, capacity 12939K, committed 13616K, reserved 1048576K
Event: 47.599 GC heap after
Heap after GC invocations=27 (full 4):
 PSYoungGen      total 657920K, used 9388K [0x00000000d5580000, 0x00000000ffe80000, 0x0000000100000000)
  eden space 619008K, 0% used [0x00000000d5580000,0x00000000d5580000,0x00000000fb200000)
  from space 38912K, 24% used [0x00000000fb200000,0x00000000fbb2b168,0x00000000fd800000)
  to   space 37888K, 0% used [0x00000000fd980000,0x00000000fd980000,0x00000000ffe80000)
 ParOldGen       total 186880K, used 158276K [0x0000000080000000, 0x000000008b680000, 0x00000000d5580000)
  object space 186880K, 84% used [0x0000000080000000,0x0000000089a910a0,0x000000008b680000)
 Metaspace       used 91111K, capacity 95912K, committed 97560K, reserved 1132544K
  class space    used 12049K, capacity 12939K, committed 13616K, reserved 1048576K
}
Event: 51.140 GC heap before
{Heap before GC invocations=28 (full 4):
 PSYoungGen      total 657920K, used 628396K [0x00000000d5580000, 0x00000000ffe80000, 0x0000000100000000)
  eden space 619008K, 100% used [0x00000000d5580000,0x00000000fb200000,0x00000000fb200000)
  from space 38912K, 24% used [0x00000000fb200000,0x00000000fbb2b168,0x00000000fd800000)
  to   space 37888K, 0% used [0x00000000fd980000,0x00000000fd980000,0x00000000ffe80000)
 ParOldGen       total 186880K, used 158276K [0x0000000080000000, 0x000000008b680000, 0x00000000d5580000)
  object space 186880K, 84% used [0x0000000080000000,0x0000000089a910a0,0x000000008b680000)
 Metaspace       used 97121K, capacity 102192K, committed 103320K, reserved 1138688K
  class space    used 12817K, capacity 13760K, committed 14256K, reserved 1048576K
Event: 51.178 GC heap after
Heap after GC invocations=28 (full 4):
 PSYoungGen      total 651776K, used 34727K [0x00000000d5580000, 0x0000000100000000, 0x0000000100000000)
  eden space 613888K, 0% used [0x00000000d5580000,0x00000000d5580000,0x00000000fad00000)
  from space 37888K, 91% used [0x00000000fd980000,0x00000000ffb69fd0,0x00000000ffe80000)
  to   space 42496K, 0% used [0x00000000fad00000,0x00000000fad00000,0x00000000fd680000)
 ParOldGen       total 186880K, used 158284K [0x0000000080000000, 0x000000008b680000, 0x00000000d5580000)
  object space 186880K, 84% used [0x0000000080000000,0x0000000089a930a0,0x000000008b680000)
 Metaspace       used 97121K, capacity 102192K, committed 103320K, reserved 1138688K
  class space    used 12817K, capacity 13760K, committed 14256K, reserved 1048576K
}
Event: 4328.466 GC heap before
{Heap before GC invocations=29 (full 4):
 PSYoungGen      total 651776K, used 648615K [0x00000000d5580000, 0x0000000100000000, 0x0000000100000000)
  eden space 613888K, 100% used [0x00000000d5580000,0x00000000fad00000,0x00000000fad00000)
  from space 37888K, 91% used [0x00000000fd980000,0x00000000ffb69fd0,0x00000000ffe80000)
  to   space 42496K, 0% used [0x00000000fad00000,0x00000000fad00000,0x00000000fd680000)
 ParOldGen       total 186880K, used 158284K [0x0000000080000000, 0x000000008b680000, 0x00000000d5580000)
  object space 186880K, 84% used [0x0000000080000000,0x0000000089a930a0,0x000000008b680000)
 Metaspace       used 115460K, capacity 121674K, committed 122136K, reserved 1155072K
  class space    used 14993K, capacity 16183K, committed 16432K, reserved 1048576K
Event: 4328.695 GC heap after
Heap after GC invocations=29 (full 4):
 PSYoungGen      total 656384K, used 42482K [0x00000000d5580000, 0x0000000100000000, 0x0000000100000000)
  eden space 613888K, 0% used [0x00000000d5580000,0x00000000d5580000,0x00000000fad00000)
  from space 42496K, 99% used [0x00000000fad00000,0x00000000fd67cbb0,0x00000000fd680000)
  to   space 42496K, 0% used [0x00000000fd680000,0x00000000fd680000,0x0000000100000000)
 ParOldGen       total 186880K, used 159054K [0x0000000080000000, 0x000000008b680000, 0x00000000d5580000)
  object space 186880K, 85% used [0x0000000080000000,0x0000000089b53890,0x000000008b680000)
 Metaspace       used 115460K, capacity 121674K, committed 122136K, reserved 1155072K
  class space    used 14993K, capacity 16183K, committed 16432K, reserved 1048576K
}

